<?xml version="1.0" encoding="UTF-8"?>
<testng-results ignored="0" total="2" passed="2" failed="0" skipped="0">
  <reporter-output>
  </reporter-output>
  <suite started-at="2022-10-11T13:28:54 IST" name="Default suite" finished-at="2022-10-11T13:30:43 IST" duration-ms="109928">
    <groups>
      <group name="Firefox">
        <method signature="AutomateFlipkart.LaunchFirefox()[pri:0, instance:AutomateEcommerce.AutomateFlipkart@6392827e]" name="LaunchFirefox" class="AutomateEcommerce.AutomateFlipkart"/>
      </group> <!-- Firefox -->
    </groups>
    <test started-at="2022-10-11T13:28:54 IST" name="Default test" finished-at="2022-10-11T13:30:43 IST" duration-ms="109928">
      <class name="AutomateEcommerce.AutomateFlipkart">
        <test-method is-config="true" signature="beforeMethod()[pri:0, instance:AutomateEcommerce.AutomateFlipkart@6392827e]" started-at="2022-10-11T13:28:54 IST" name="beforeMethod" finished-at="2022-10-11T13:28:56 IST" duration-ms="2085" status="PASS">
          <reporter-output>
          </reporter-output>
        </test-method> <!-- beforeMethod -->
        <test-method signature="LaunchFirefox()[pri:0, instance:AutomateEcommerce.AutomateFlipkart@6392827e]" started-at="2022-10-11T13:28:56 IST" name="LaunchFirefox" finished-at="2022-10-11T13:29:59 IST" duration-ms="63688" status="PASS">
          <reporter-output>
          </reporter-output>
        </test-method> <!-- LaunchFirefox -->
        <test-method is-config="true" signature="beforeMethod()[pri:0, instance:AutomateEcommerce.AutomateFlipkart@6392827e]" started-at="2022-10-11T13:29:59 IST" name="beforeMethod" finished-at="2022-10-11T13:30:01 IST" duration-ms="1845" status="PASS">
          <reporter-output>
          </reporter-output>
        </test-method> <!-- beforeMethod -->
        <test-method signature="f()[pri:0, instance:AutomateEcommerce.AutomateFlipkart@6392827e]" started-at="2022-10-11T13:30:01 IST" name="f" finished-at="2022-10-11T13:30:43 IST" duration-ms="42271" status="PASS">
          <reporter-output>
          </reporter-output>
        </test-method> <!-- f -->
      </class> <!-- AutomateEcommerce.AutomateFlipkart -->
    </test> <!-- Default test -->
  </suite> <!-- Default suite -->
</testng-results>
